     1                                  ;de calculat: (a+b+c)-(d+d)
     2                                  ;a,b,c,d - word
     3                                  ;ex a=260, b=320, c=935, d=567 rez: (260+320+935)+(567+567)= 1515+ 1134 = 2649 = A59h
     4                                  bits 32 ;asamblare si compilare pentru arhitectura de 32 biti
     5                                  ; definim punctul de intrare in programul principal
     6                                  global  start 
     7                                  
     8                                  extern  exit ; indicam asamblorului ca exit exista, chiar daca noi nu o vom defini
     9                                  import  exit msvcrt.dll; exit este o functie care incheie procesul, este definita in msvcrt.dll
    10                                          ; msvcrt.dll contine exit, printf si toate celelalte functii C-runtime importante
    11                                  segment  data use32 class=data ; segmentul de date in care se vor defini variabilele 
    12 00000000 0401                        a dw 260
    13 00000002 4001                        b dw 320
    14 00000004 A703                        c dw 935
    15 00000006 3702                        d dw 567
    16                                      
    17                                  segment  code use32 class=code ; segmentul de cod
    18                                  start: 
    19 00000000 66A1[00000000]              mov ax,word[a] ; ax = a             260 = 104h
    20 00000006 660305[02000000]            add ax,word[b] ; ax = a+b           580 = 244h
    21 0000000D 660305[04000000]            add ax,word[c] ; ax = a+b+c         1515 = 5EBh
    22 00000014 668B1D[06000000]            mov bx,word[d] ; bx = d             567 = 237h
    23 0000001B 66031D[06000000]            add bx,word[d] ; bx = d+d           1134 = 46Eh
    24 00000022 6629D8                      sub ax,bx      ; a = (a+b+c)-(d+d)  2649 = A59h
    25                                      
    26 00000025 6A00                        push   dword 0 ;se pune pe stiva codul de retur al functiei exit
    27 00000027 FF15[00000000]          	call   [exit] ;apelul functiei sistem exit pentru terminarea executiei programului	
