     1                                  ;de calculat: [(a+b)*2]/(a+d)
     2                                  ;a,b,c,d - byte e,f,g,h - word
     3                                  ;ex a=5, b=8, c=9, d=3 rez: [(5+8)*2]/(5+3) = (13 * 2) / 8 = 26 / 8 = 3 r 2
     4                                  bits 32 ;asamblare si compilare pentru arhitectura de 32 biti
     5                                  ; definim punctul de intrare in programul principal
     6                                  global  start 
     7                                  
     8                                  extern  exit ; indicam asamblorului ca exit exista, chiar daca noi nu o vom defini
     9                                  import  exit msvcrt.dll; exit este o functie care incheie procesul, este definita in msvcrt.dll
    10                                          ; msvcrt.dll contine exit, printf si toate celelalte functii C-runtime importante
    11                                  segment  data use32 class=data ; segmentul de date in care se vor defini variabilele 
    12 00000000 05                          a db 5
    13 00000001 08                          b db 8
    14 00000002 09                          c db 9
    15 00000003 03                          d db 3
    16                                      
    17                                  segment  code use32 class=code ; segmentul de cod
    18                                  start: 
    19 00000000 B102                        mov cl, 2       ; cl = 2         2h
    20 00000002 A0[00000000]                mov al, byte[a] ; al = a         5 = 5h
    21 00000007 0205[01000000]              add al, byte[b] ; al = a+b       13 = Dh
    22 0000000D F6E1                        mul cl          ; ax = al * cl   26 = 1Ah
    23 0000000F 8A1D[00000000]              mov bl, byte[a] ; bl = a         5h
    24 00000015 021D[03000000]              add bl, byte[d] ; bl = a+d       8 = 8h
    25 0000001B F6F3                        div bl          ; al = ax / bl   
    26                                      
    27 0000001D 6A00                        push   dword 0 ;se pune pe stiva codul de retur al functiei exit
    28 0000001F FF15[00000000]          	call   [exit] ;apelul functiei sistem exit pentru terminarea executiei programului	
