     1                                  ;de calculat: (a-c)+(b+b+d)
     2                                  ;a,b,c,d - byte
     3                                  ;ex a=7, b=8, c=5, d=9 rez: (7-5)+(8+8+9)= 2+25 = 27
     4                                  bits 32 ;asamblare si compilare pentru arhitectura de 32 biti
     5                                  ; definim punctul de intrare in programul principal
     6                                  global  start 
     7                                  
     8                                  extern  exit ; indicam asamblorului ca exit exista, chiar daca noi nu o vom defini
     9                                  import  exit msvcrt.dll; exit este o functie care incheie procesul, este definita in msvcrt.dll
    10                                          ; msvcrt.dll contine exit, printf si toate celelalte functii C-runtime importante
    11                                  segment  data use32 class=data ; segmentul de date in care se vor defini variabilele 
    12 00000000 07                          a db 7
    13 00000001 08                          b db 8
    14 00000002 05                          c db 5
    15 00000003 09                          d db 9
    16                                      
    17                                  segment  code use32 class=code ; segmentul de cod
    18                                  start: 
    19 00000000 A0[00000000]                mov al,byte[a] ; al = a             7
    20 00000005 2A05[02000000]              sub al,byte[c] ; al = a-c           2
    21 0000000B 8A25[01000000]              mov ah,byte[b] ; ah = b             8 
    22 00000011 0225[01000000]              add ah,byte[b] ; ah = b+b           16
    23 00000017 0225[03000000]              add ah,byte[d] ; ah = b+b+d         25
    24 0000001D 00E0                        add al,ah      ; al = (a-c)+(b+b+d) 27
    25                                      
    26 0000001F 6A00                        push   dword 0 ;se pune pe stiva codul de retur al functiei exit
    27 00000021 FF15[00000000]          	call   [exit] ;apelul functiei sistem exit pentru terminarea executiei programului	
    28                                     
