     1                                  bits 32 ; assembling for the 32 bits architecture
     2                                  
     3                                  ; declare the EntryPoint (a label defining the very first instruction of the program)
     4                                  global start        
     5                                  
     6                                  ; declare external functions needed by our program
     7                                  extern exit               ; tell nasm that exit exists even if we won't be defining it
     8                                  import exit msvcrt.dll    ; exit is a function that ends the calling process. It is defined in msvcrt.dll
     9                                                            ; msvcrt.dll contains exit, printf and all the other important C-runtime specific functions
    10                                  
    11                                  ; our data is declared here (the variables needed by our program)
    12                                  segment data use32 class=data
    13 00000000 FF                          a db -1
    14 00000001 8000                        b dw 80h
    15                                  ; our code starts here
    16                                  segment code use32 class=code
    17                                      start:
    18                                          ;movsx ebx,[ebx+ebp]
    19 00000000 871C1C                          xchg ebx,[ebx+esp]
    20 00000003 8D041C                          lea eax,[ebx+esp]
    21 00000006 8D042B                          lea eax,[ebx+ebp]
    22 00000009 66B80100                        mov ax,a+b
    23                                          ; exit(0)
    24 0000000D 6A00                            push    dword 0      ; push the parameter for exit onto the stack
    25 0000000F FF15[00000000]                  call    [exit]       ; call exit to terminate the program
