     1                                  bits 32 ; assembling for the 32 bits architecture
     2                                  
     3                                  ; declare the EntryPoint (a label defining the very first instruction of the program)
     4                                  global start        
     5                                  
     6                                  ; declare external functions needed by our program
     7                                  extern exit               ; tell nasm that exit exists even if we won't be defining it
     8                                  import exit msvcrt.dll    ; exit is a function that ends the calling process. It is defined in msvcrt.dll
     9                                                            ; msvcrt.dll contains exit, printf and all the other important C-runtime specific functions
    10                                  
    11                                  ; our data is declared here (the variables needed by our program)
    12                                  segment data use32 class=data
    13 00000000 0E0F1939                    x db 14,15,25,57
    14 00000004 0000                        z dw $-z
    15 00000006 [0600]                      d dw d
    16                                  
    17                                  ; our code starts here
    18                                  segment code use32 class=code
    19                                      start:
    20                                         
    21 00000000 BB09000000                      mov ebx,9
    22 00000005 8B4302                          mov eax,[ebx+2]
    23                                      
    24                                          ; exit(0)
    25 00000008 6A00                            push    dword 0      ; push the parameter for exit onto the stack
    26 0000000A FF15[00000000]                  call    [exit]       ; call exit to terminate the program
