     1                                  bits 32 ; assembling for the 32 bits architecture
     2                                  
     3                                  ; declare the EntryPoint (a label defining the very first instruction of the program)
     4                                  global start        
     5                                  
     6                                  ; declare external functions needed by our program
     7                                  extern exit               ; tell nasm that exit exists even if we won't be defining it
     8                                  import exit msvcrt.dll    ; exit is a function that ends the calling process. It is defined in msvcrt.dll
     9                                                            ; msvcrt.dll contains exit, printf and all the other important C-runtime specific functions
    10                                  
    11                                  ; our data is declared here (the variables needed by our program)
    12                                  segment data use32 class=data
    13                                      ; ...
    14                                  
    15                                  ; our code starts here
    16                                  segment code use32 class=code
    17                                      start:
    18 00000000 8D442406                        lea eax,[6+esp]
    19                                          ;mov eax,6+esp  invalid operand type
    20 00000004 660FBE442406                    movsx ax,[6+esp]
    21 0000000A 8B6C2D06                        mov ebp,[6+ebp*2]
    22                                          ;mov [6+ebp*2],12 operation size not specified
    23 0000000E 8B2C2C                          mov ebp,[ebp+esp]
    24                                          ;movsx [6+esp],eax  invalid combinaton of opcode and operands
    25                                          ;mov [6+esp*2],eax
    26                                          ;mov [6+ebp*2],[6+esp]  invalid combinaton of opcode and operands
    27                                          ;movzx eax,[6+ebp*2]  operation size not specified
    28                                      
    29                                          ; exit(0)
    30 00000011 6A00                            push    dword 0      ; push the parameter for exit onto the stack
    31 00000013 FF15[00000000]                  call    [exit]       ; call exit to terminate the program
