     1                                  ;ex simple
     2                                  ; 1 + 9
     3                                  bits 32 ; assembling for the 32 bits architecture
     4                                  
     5                                  ; declare the EntryPoint (a label defining the very first instruction of the program)
     6                                  global start        
     7                                  
     8                                  ; declare external functions needed by our program
     9                                  extern exit               ; tell nasm that exit exists even if we won't be defining it
    10                                  import exit msvcrt.dll    ; exit is a function that ends the calling process. It is defined in msvcrt.dll
    11                                                            ; msvcrt.dll contains exit, printf and all the other important C-runtime specific functions
    12                                  
    13                                  ; our data is declared here (the variables needed by our program)
    14                                  segment data use32 class=data
    15 00000000 01                          a db 1
    16 00000001 09                          b db 9
    17                                       
    18                                  ; our code starts here
    19                                  segment code use32 class=code
    20                                      start:
    21 00000000 A0[00000000]                    mov al,[a]  ;al => 1 = 1(h)
    22 00000005 0205[01000000]                  add al,[b]  ;al => 1 + 9 = 10 = A(h)
    23                                          
    24                                          ; exit(0)
    25 0000000B 6A00                            push dword 0      ; push the parameter for exit onto the stack
    26 0000000D FF15[00000000]                  call [exit]       ; call exit to terminate the program
