     1                                  ;Se da un fisier text. Sa se citeasca continutul fisierului, sa se determine litera mare (uppercase) 
     2                                  ;cu cea mai mare frecventa si sa se afiseze acea litera, impreuna cu frecventa acesteia.
     3                                  ;Numele fisierului text este definit in segmentul de date.
     4                                  bits 32 
     5                                  global start        
     6                                   
     7                                  extern exit, fopen, fclose, fread, printf
     8                                  import printf msvcrt.dll
     9                                  import fopen msvcrt.dll
    10                                  import fread msvcrt.dll
    11                                  import fclose msvcrt.dll             
    12                                  import exit msvcrt.dll    
    13                                   
    14                                  segment data use32 class=data
    15                                  
    16 00000000 6669736965722E7478-         nume_fisier db "fisier.txt", 0 ;numele fisierului care va fi deschis
    16 00000009 7400               
    17 0000000B 7200                        mod_acces db "r", 0 ;modul de deschidere a fisierului
    18                                      
    19 0000000D FFFFFFFF                    descriptor_f dd -1
    20                                      len equ 100    ; numarul maxim de caractere din fisier
    21 00000011 00<rept>                    text times 100 db 0 ; sirul in care se va citi textul din fisier
    22                                      
    23 00000075 00<rept>                    fv times 28 db 0 ; vector de frecventa pentru caractere
    24 00000091 00000000                    fv_maxima dd 0
    25                                      
    26 00000095 4C6974657261206375-         afisare_format db "Litera cu cea mai mare frecventa este %c, si apare de %d ori",0
    26 0000009E 20636561206D616920-
    26 000000A7 6D6172652066726563-
    26 000000B0 76656E746120657374-
    26 000000B9 652025632C20736920-
    26 000000C2 617061726520646520-
    26 000000CB 2564206F726900     
    27                                   
    28                                      
    29                                  segment code use32 class=code
    30                                      start:
    31                                          ;fopen(nume, mod_acces)
    32 00000000 68[0B000000]                    push dword mod_acces
    33 00000005 68[00000000]                    push dword nume_fisier
    34 0000000A FF15[00000000]                  call [fopen]
    35 00000010 83C408                          add esp, 4 * 2
    36                                          
    37 00000013 A3[0D000000]                    mov [descriptor_f], eax
    38                                          
    39 00000018 83F800                          cmp eax, 0 ; verificam daca fisierul este deschis corect
    40 0000001B 0F848A000000                    je final
    41                                          
    42                                          ;eax = fread(text, 1,len, descriptor_f)
    43 00000021 FF35[0D000000]                  push dword [descriptor_f]
    44 00000027 6A64                            push dword len
    45 00000029 6A01                            push dword 1
    46 0000002B 68[11000000]                    push dword text
    47 00000030 FF15[00000000]                  call [fread]
    48 00000036 83C410                          add esp, 4 * 4
    49                                          
    50                                          ;eax = numarul de caractere citite
    51 00000039 BB00000000                      mov ebx, 0
    52 0000003E 89C1                            mov ecx, eax ;ecx = numarul de caractere citite
    53 00000040 BE[11000000]                    mov esi, text ;
    54 00000045 FC                              cld
    55 00000046 E354                            jecxz no_caracters
    56 00000048 BB00000000                      mov ebx, 0 ; aici salvez caracterul cu fv maxima
    57                                          repeta:
    58 0000004D 51                                  push ecx
    59 0000004E B800000000                          mov eax, 0 ; stocheaza caracterul citit
    60 00000053 BA00000000                          mov edx, 0 ; suport 
    61                                              ;verificam daca e litera mare
    62 00000058 AC                                  lodsb      ; AL = caracterul citit 
    63 00000059 3C41                                cmp al, 65
    64 0000005B 7223                                jb nu_e_uppercase   
    65 0000005D 3C5A                                cmp al, 90
    66 0000005F 771F                                ja nu_e_uppercase
    67 00000061 2C41                                    sub al, 65
    68 00000063 8080[75000000]01                        add byte [fv + eax], 1
    69                                                  ;calcul fv max
    70 0000006A 8A90[75000000]                          mov dl, [fv + eax]
    71 00000070 3A15[91000000]                          cmp dl, [fv_maxima]
    72 00000076 7208                                    jb fv_mai_mica
    73 00000078 8815[91000000]                              mov [fv_maxima], dl ; salvam noua frecventa maxima
    74 0000007E 89C3                                        mov ebx, eax ; salvam caracterul cu noua fv_maxima
    75                                                  fv_mai_mica:
    76                                                  ;/////////
    77                                              nu_e_uppercase:
    78 00000080 59                                  pop ecx
    79 00000081 E2CA                            loop repeta
    80                                          
    81                                          ;printf(format, caracter, frecventa)
    82 00000083 FF35[91000000]                  push dword [fv_maxima] 
    83 00000089 B241                            mov dl, 'A'
    84 0000008B 01DA                            add edx, ebx            ; calculam in edx pozitia caracterului cu frecventa maxima
    85 0000008D 52                              push dword edx          
    86 0000008E 68[95000000]                    push dword afisare_format 
    87 00000093 FF15[00000000]                  call [printf]
    88 00000099 83C40C                          add esp, 4 * 3
    89                                          
    90                                          no_caracters:
    91                                          ;fclose(descriptor_f)
    92 0000009C FF35[0D000000]                  push dword [descriptor_f]
    93 000000A2 FF15[00000000]                  call [fclose]
    94 000000A8 83C404                          add esp, 4
    95                                          
    96                                          final:
    97                                          
    98 000000AB 6A00                            push    dword 0      ; push the parameter for exit onto the stack
    99 000000AD FF15[00000000]                  call    [exit]       ; call exit to terminate the program
